Determining if the pthread_create exist failed with the following output:
Change Dir: /home/kundananji/Documents/DIT168/Miniature/src/builds/CMakeFiles/CMakeTmp

Run Build Command:"/usr/bin/make" "cmTC_7c72d/fast"
make[1]: Entering directory '/home/kundananji/Documents/DIT168/Miniature/src/builds/CMakeFiles/CMakeTmp'
/usr/bin/make -f CMakeFiles/cmTC_7c72d.dir/build.make CMakeFiles/cmTC_7c72d.dir/build
make[2]: Entering directory '/home/kundananji/Documents/DIT168/Miniature/src/builds/CMakeFiles/CMakeTmp'
Building C object CMakeFiles/cmTC_7c72d.dir/CheckSymbolExists.c.o
/usr/bin/cc     -o CMakeFiles/cmTC_7c72d.dir/CheckSymbolExists.c.o   -c /home/kundananji/Documents/DIT168/Miniature/src/builds/CMakeFiles/CMakeTmp/CheckSymbolExists.c
Linking C executable cmTC_7c72d
/usr/bin/cmake -E cmake_link_script CMakeFiles/cmTC_7c72d.dir/link.txt --verbose=1
/usr/bin/cc       CMakeFiles/cmTC_7c72d.dir/CheckSymbolExists.c.o  -o cmTC_7c72d -rdynamic 
CMakeFiles/cmTC_7c72d.dir/CheckSymbolExists.c.o: In function `main':
CheckSymbolExists.c:(.text+0x16): undefined reference to `pthread_create'
collect2: error: ld returned 1 exit status
CMakeFiles/cmTC_7c72d.dir/build.make:97: recipe for target 'cmTC_7c72d' failed
make[2]: *** [cmTC_7c72d] Error 1
make[2]: Leaving directory '/home/kundananji/Documents/DIT168/Miniature/src/builds/CMakeFiles/CMakeTmp'
Makefile:126: recipe for target 'cmTC_7c72d/fast' failed
make[1]: *** [cmTC_7c72d/fast] Error 2
make[1]: Leaving directory '/home/kundananji/Documents/DIT168/Miniature/src/builds/CMakeFiles/CMakeTmp'

File /home/kundananji/Documents/DIT168/Miniature/src/builds/CMakeFiles/CMakeTmp/CheckSymbolExists.c:
/* */
#include <pthread.h>

int main(int argc, char** argv)
{
  (void)argv;
#ifndef pthread_create
  return ((int*)(&pthread_create))[argc];
#else
  (void)argc;
  return 0;
#endif
}

Determining if the function pthread_create exists in the pthreads failed with the following output:
Change Dir: /home/kundananji/Documents/DIT168/Miniature/src/builds/CMakeFiles/CMakeTmp

Run Build Command:"/usr/bin/make" "cmTC_a5bb7/fast"
make[1]: Entering directory '/home/kundananji/Documents/DIT168/Miniature/src/builds/CMakeFiles/CMakeTmp'
/usr/bin/make -f CMakeFiles/cmTC_a5bb7.dir/build.make CMakeFiles/cmTC_a5bb7.dir/build
make[2]: Entering directory '/home/kundananji/Documents/DIT168/Miniature/src/builds/CMakeFiles/CMakeTmp'
Building C object CMakeFiles/cmTC_a5bb7.dir/CheckFunctionExists.c.o
/usr/bin/cc    -DCHECK_FUNCTION_EXISTS=pthread_create   -o CMakeFiles/cmTC_a5bb7.dir/CheckFunctionExists.c.o   -c /usr/share/cmake-3.5/Modules/CheckFunctionExists.c
Linking C executable cmTC_a5bb7
/usr/bin/cmake -E cmake_link_script CMakeFiles/cmTC_a5bb7.dir/link.txt --verbose=1
/usr/bin/cc   -DCHECK_FUNCTION_EXISTS=pthread_create    CMakeFiles/cmTC_a5bb7.dir/CheckFunctionExists.c.o  -o cmTC_a5bb7 -rdynamic -lpthreads 
/usr/bin/ld: cannot find -lpthreads
collect2: error: ld returned 1 exit status
CMakeFiles/cmTC_a5bb7.dir/build.make:97: recipe for target 'cmTC_a5bb7' failed
make[2]: *** [cmTC_a5bb7] Error 1
make[2]: Leaving directory '/home/kundananji/Documents/DIT168/Miniature/src/builds/CMakeFiles/CMakeTmp'
Makefile:126: recipe for target 'cmTC_a5bb7/fast' failed
make[1]: *** [cmTC_a5bb7/fast] Error 2
make[1]: Leaving directory '/home/kundananji/Documents/DIT168/Miniature/src/builds/CMakeFiles/CMakeTmp'


